<?xml version="1.0" encoding="UTF-8"?>
<!-- Generated by org.testng.reporters.JUnitReportReporter -->
<testsuite hostname="DEV11" name="EmpInfo.HomePage" tests="3" failures="0" timestamp="28 Jul 2014 12:26:16 GMT" time="50.707" errors="0">
  <testcase name="loginNoData" time="5.349" classname="EmpInfo.HomePage"/>
  <testcase name="assertHomePageViewTab" time="36.886" classname="EmpInfo.HomePage"/>
  <testcase name="loginValidData" time="8.472" classname="EmpInfo.HomePage"/>
</testsuite> <!-- EmpInfo.HomePage -->
