<?xml version="1.0" encoding="UTF-8"?>
<!-- Generated by org.testng.reporters.JUnitReportReporter -->
<testsuite hostname="DEV11" name="EmpInfo.AddEmployee" tests="9" failures="0" timestamp="29 Jul 2014 12:15:01 GMT" time="153.043" errors="0">
  <testcase name="viewall" time="9.626" classname="EmpInfo.AddEmployee"/>
  <testcase name="preview" time="10.777" classname="EmpInfo.AddEmployee"/>
  <testcase name="edit" time="10.308" classname="EmpInfo.AddEmployee"/>
  <testcase name="title" time="25.225" classname="EmpInfo.AddEmployee"/>
  <testcase name="save" time="15.276" classname="EmpInfo.AddEmployee"/>
  <testcase name="viewalleditpreview" time="32.437" classname="EmpInfo.AddEmployee"/>
  <testcase name="addEmployee" time="3.904" classname="EmpInfo.AddEmployee"/>
  <testcase name="deletecancel" time="25.506" classname="EmpInfo.AddEmployee"/>
  <testcase name="viewalledit" time="19.984" classname="EmpInfo.AddEmployee"/>
</testsuite> <!-- EmpInfo.AddEmployee -->
