<?xml version="1.0" encoding="UTF-8"?>
<!-- Generated by org.testng.reporters.JUnitReportReporter -->
<testsuite hostname="DEV11" name="EmpInfo.Login" tests="2" failures="0" timestamp="29 Jul 2014 12:15:01 GMT" time="18.342" errors="0">
  <testcase name="loginValidData" time="8.919" classname="EmpInfo.Login"/>
  <testcase name="loginNoData" time="9.423" classname="EmpInfo.Login"/>
</testsuite> <!-- EmpInfo.Login -->
